#
# There is insufficient memory for the Java Runtime Environment to continue.
# Native memory allocation (mmap) failed to map 201326592 bytes for G1 virtual space
# Possible reasons:
#   The system is out of physical RAM or swap space
#   The process is running with CompressedOops enabled, and the Java Heap may be blocking the growth of the native heap
# Possible solutions:
#   Reduce memory load on the system
#   Increase physical memory or swap space
#   Check if swap backing store is full
#   Decrease Java heap size (-Xmx/-Xms)
#   Decrease number of Java threads
#   Decrease Java thread stack sizes (-Xss)
#   Set larger code cache with -XX:ReservedCodeCacheSize=
#   JVM is running with Zero Based Compressed Oops mode in which the Java heap is
#     placed in the first 32GB address space. The Java Heap base address is the
#     maximum limit for the native heap growth. Please use -XX:HeapBaseMinAddress
#     to set the Java Heap base and to place the Java Heap above 32GB virtual address.
# This output file may be truncated or incomplete.
#
#  Out of Memory Error (os_windows.cpp:3617), pid=1580, tid=41264
#
# JRE version:  (17.0.8+7) (build )
# Java VM: OpenJDK 64-Bit Server VM (17.0.8+7, mixed mode, sharing, tiered, compressed oops, compressed class ptrs, g1 gc, windows-amd64)
# No core dump will be written. Minidumps are not enabled by default on client versions of Windows
#

---------------  S U M M A R Y ------------

Command Line: -Dclassworlds.conf=D:\NetBeans-17\netbeans\java\maven\bin\m2.conf -Dmaven.home=D:\NetBeans-17\netbeans\java\maven -Dlibrary.jansi.path=D:\NetBeans-17\netbeans\java\maven\lib\jansi-native -Dmaven.multiModuleProjectDirectory=D:\Workspace Java\QuanLyPhongKham org.codehaus.plexus.classworlds.launcher.Launcher -Dexec.vmArgs= -Dexec.args=${exec.vmArgs} -classpath %classpath ${exec.mainClass} ${exec.appArgs} -Dexec.executable=D:\Java\Java 17\bin\java.exe -Dexec.mainClass=views.main.QuanLy -Dexec.classpathScope=runtime -Dexec.appArgs= -Dmaven.ext.class.path=D:\NetBeans-17\netbeans\java\maven-nblib\netbeans-eventspy.jar -Dfile.encoding=UTF-8 --no-transfer-progress org.codehaus.mojo:exec-maven-plugin:3.1.0:exec

Host: Intel(R) Core(TM) i5-4210M CPU @ 2.60GHz, 4 cores, 11G,  Windows 10 , 64 bit Build 19041 (10.0.19041.3636)
Time: Wed Jan 24 14:33:02 2024 SE Asia Standard Time elapsed time: 0.062262 seconds (0d 0h 0m 0s)

---------------  T H R E A D  ---------------

Current thread (0x000002bca7155b70):  JavaThread "Unknown thread" [_thread_in_vm, id=41264, stack(0x000000d8d9100000,0x000000d8d9200000)]

Stack: [0x000000d8d9100000,0x000000d8d9200000]
Native frames: (J=compiled Java code, j=interpreted, Vv=VM code, C=native code)
V  [jvm.dll+0x678b0a]
V  [jvm.dll+0x835e84]
V  [jvm.dll+0x83762e]
V  [jvm.dll+0x837c93]
V  [jvm.dll+0x24746f]
V  [jvm.dll+0x675859]
V  [jvm.dll+0x66a0ea]
V  [jvm.dll+0x306c7b]
V  [jvm.dll+0x30e166]
V  [jvm.dll+0x35dd3e]
V  [jvm.dll+0x35df6f]
V  [jvm.dll+0x2ddb48]
V  [jvm.dll+0x2deab4]
V  [jvm.dll+0x807f31]
V  [jvm.dll+0x36bb21]
V  [jvm.dll+0x7e733c]
V  [jvm.dll+0x3ee4af]
V  [jvm.dll+0x3f00c1]
C  [jli.dll+0x528b]
C  [ucrtbase.dll+0x21bb2]
C  [KERNEL32.DLL+0x17344]
C  [ntdll.dll+0x526b1]


---------------  P R O C E S S  ---------------

Threads class SMR info:
_java_thread_list=0x00007ff81a50a018, length=0, elements={
}

Java Threads: ( => current thread )

Other Threads:
  0x000002bca71ac350 GCTaskThread "GC Thread#0" [stack: 0x000000d8d9200000,0x000000d8d9300000] [id=21824]
  0x000002bca71b90e0 ConcurrentGCThread "G1 Main Marker" [stack: 0x000000d8d9300000,0x000000d8d9400000] [id=13728]
  0x000002bca71bab00 ConcurrentGCThread "G1 Conc#0" [stack: 0x000000d8d9400000,0x000000d8d9500000] [id=5268]

[error occurred during error reporting (printing all threads), id 0xc0000005, EXCEPTION_ACCESS_VIOLATION (0xc0000005) at pc=0x00007ff819cde587]

VM state: not at safepoint (not fully initialized)

VM Mutex/Monitor currently owned by a thread:  ([mutex/lock_event])
[0x000002bca7151d60] Heap_lock - owner thread: 0x000002bca7155b70

Heap address: 0x0000000741c00000, size: 3044 MB, Compressed Oops mode: Zero based, Oop shift amount: 3

CDS archive(s) mapped at: [0x0000000000000000-0x0000000000000000-0x0000000000000000), size 0, SharedBaseAddress: 0x0000000800000000, ArchiveRelocationMode: 1.
Narrow klass base: 0x0000000000000000, Narrow klass shift: 0, Narrow klass range: 0x0

GC Precious Log:
<Empty>

Heap:
 garbage-first heap   total 0K, used 0K [0x0000000741c00000, 0x0000000800000000)
  region size 2048K, 0 young (0K), 0 survivors (0K)

[error occurred during error reporting (printing heap information), id 0xc0000005, EXCEPTION_ACCESS_VIOLATION (0xc0000005) at pc=0x00007ff81a0c2699]

GC Heap History (0 events):
No events

Dll operation events (1 events):
Event: 0.036 Loaded shared library D:\Java\Java 17\bin\java.dll

Deoptimization events (0 events):
No events

Classes unloaded (0 events):
No events

Classes redefined (0 events):
No events

Internal exceptions (0 events):
No events

VM Operations (0 events):
No events

Events (0 events):
No events


Dynamic libraries:
0x00007ff78e410000 - 0x00007ff78e41e000 	D:\Java\Java 17\bin\java.exe
0x00007ff860270000 - 0x00007ff860468000 	C:\WINDOWS\SYSTEM32\ntdll.dll
0x00007ff85f1d0000 - 0x00007ff85f28d000 	C:\WINDOWS\System32\KERNEL32.DLL
0x00007ff85dbf0000 - 0x00007ff85dee6000 	C:\WINDOWS\System32\KERNELBASE.dll
0x00007ff85daf0000 - 0x00007ff85dbf0000 	C:\WINDOWS\System32\ucrtbase.dll
0x00007ff858da0000 - 0x00007ff858db9000 	D:\Java\Java 17\bin\VCRUNTIME140.dll
0x00007ff855e20000 - 0x00007ff855e37000 	D:\Java\Java 17\bin\jli.dll
0x00007ff85e380000 - 0x00007ff85e51e000 	C:\WINDOWS\System32\USER32.dll
0x00007ff85e290000 - 0x00007ff85e2b2000 	C:\WINDOWS\System32\win32u.dll
0x00007ff860200000 - 0x00007ff86022c000 	C:\WINDOWS\System32\GDI32.dll
0x00007ff85e140000 - 0x00007ff85e25a000 	C:\WINDOWS\System32\gdi32full.dll
0x00007ff85def0000 - 0x00007ff85df8d000 	C:\WINDOWS\System32\msvcp_win.dll
0x00007ff84dd00000 - 0x00007ff84df9a000 	C:\WINDOWS\WinSxS\amd64_microsoft.windows.common-controls_6595b64144ccf1df_6.0.19041.3636_none_60b6a03d71f818d5\COMCTL32.dll
0x00007ff85f630000 - 0x00007ff85f6ce000 	C:\WINDOWS\System32\msvcrt.dll
0x00007ff85ed20000 - 0x00007ff85ed50000 	C:\WINDOWS\System32\IMM32.DLL
0x00007ff858dc0000 - 0x00007ff858dcc000 	D:\Java\Java 17\bin\vcruntime140_1.dll
0x00007ff84d630000 - 0x00007ff84d6c1000 	D:\Java\Java 17\bin\msvcp140.dll
0x00007ff8199f0000 - 0x00007ff81a63c000 	D:\Java\Java 17\bin\server\jvm.dll
0x00007ff85e2c0000 - 0x00007ff85e373000 	C:\WINDOWS\System32\ADVAPI32.dll
0x00007ff85e580000 - 0x00007ff85e61f000 	C:\WINDOWS\System32\sechost.dll
0x00007ff85f970000 - 0x00007ff85fa96000 	C:\WINDOWS\System32\RPCRT4.dll
0x00007ff85e260000 - 0x00007ff85e287000 	C:\WINDOWS\System32\bcrypt.dll
0x00007ff85ce90000 - 0x00007ff85cedb000 	C:\WINDOWS\SYSTEM32\POWRPROF.dll
0x00007ff858df0000 - 0x00007ff858df9000 	C:\WINDOWS\SYSTEM32\WSOCK32.dll
0x00007ff854db0000 - 0x00007ff854dd7000 	C:\WINDOWS\SYSTEM32\WINMM.dll
0x00007ff853b40000 - 0x00007ff853b4a000 	C:\WINDOWS\SYSTEM32\VERSION.dll
0x00007ff85f730000 - 0x00007ff85f79b000 	C:\WINDOWS\System32\ws2_32.DLL
0x00007ff85cd50000 - 0x00007ff85cd62000 	C:\WINDOWS\SYSTEM32\UMPDC.dll
0x00007ff85c3f0000 - 0x00007ff85c402000 	C:\WINDOWS\SYSTEM32\kernel.appcore.dll
0x00007ff858cf0000 - 0x00007ff858cfa000 	D:\Java\Java 17\bin\jimage.dll
0x00007ff851050000 - 0x00007ff851234000 	C:\WINDOWS\SYSTEM32\DBGHELP.DLL
0x00007ff851360000 - 0x00007ff851394000 	C:\WINDOWS\SYSTEM32\dbgcore.DLL
0x00007ff85d940000 - 0x00007ff85d9c2000 	C:\WINDOWS\System32\bcryptPrimitives.dll
0x00007ff858d50000 - 0x00007ff858d75000 	D:\Java\Java 17\bin\java.dll

dbghelp: loaded successfully - version: 4.0.5 - missing functions: none
symbol engine: initialized successfully - sym options: 0x614 - pdb path: .;D:\Java\Java 17\bin;C:\WINDOWS\SYSTEM32;C:\WINDOWS\WinSxS\amd64_microsoft.windows.common-controls_6595b64144ccf1df_6.0.19041.3636_none_60b6a03d71f818d5;D:\Java\Java 17\bin\server

VM Arguments:
jvm_args: -Dclassworlds.conf=D:\NetBeans-17\netbeans\java\maven\bin\m2.conf -Dmaven.home=D:\NetBeans-17\netbeans\java\maven -Dlibrary.jansi.path=D:\NetBeans-17\netbeans\java\maven\lib\jansi-native -Dmaven.multiModuleProjectDirectory=D:\Workspace Java\QuanLyPhongKham 
java_command: org.codehaus.plexus.classworlds.launcher.Launcher -Dexec.vmArgs= -Dexec.args=${exec.vmArgs} -classpath %classpath ${exec.mainClass} ${exec.appArgs} -Dexec.executable=D:\Java\Java 17\bin\java.exe -Dexec.mainClass=views.main.QuanLy -Dexec.classpathScope=runtime -Dexec.appArgs= -Dmaven.ext.class.path=D:\NetBeans-17\netbeans\java\maven-nblib\netbeans-eventspy.jar -Dfile.encoding=UTF-8 --no-transfer-progress org.codehaus.mojo:exec-maven-plugin:3.1.0:exec
java_class_path (initial): D:\NetBeans-17\netbeans\java\maven\boot\plexus-classworlds-2.6.0.jar
Launcher Type: SUN_STANDARD

[Global flags]
     intx CICompilerCount                          = 3                                         {product} {ergonomic}
     uint ConcGCThreads                            = 1                                         {product} {ergonomic}
     uint G1ConcRefinementThreads                  = 4                                         {product} {ergonomic}
   size_t G1HeapRegionSize                         = 2097152                                   {product} {ergonomic}
    uintx GCDrainStackTargetSize                   = 64                                        {product} {ergonomic}
   size_t InitialHeapSize                          = 201326592                                 {product} {ergonomic}
   size_t MarkStackSize                            = 4194304                                   {product} {ergonomic}
   size_t MaxHeapSize                              = 3191865344                                {product} {ergonomic}
   size_t MinHeapDeltaBytes                        = 2097152                                   {product} {ergonomic}
   size_t MinHeapSize                              = 8388608                                   {product} {ergonomic}
    uintx NonNMethodCodeHeapSize                   = 5832780                                {pd product} {ergonomic}
    uintx NonProfiledCodeHeapSize                  = 122912730                              {pd product} {ergonomic}
    uintx ProfiledCodeHeapSize                     = 122912730                              {pd product} {ergonomic}
    uintx ReservedCodeCacheSize                    = 251658240                              {pd product} {ergonomic}
     bool SegmentedCodeCache                       = true                                      {product} {ergonomic}
   size_t SoftMaxHeapSize                          = 3191865344                             {manageable} {ergonomic}
     bool UseCompressedClassPointers               = true                           {product lp64_product} {ergonomic}
     bool UseCompressedOops                        = true                           {product lp64_product} {ergonomic}
     bool UseG1GC                                  = true                                      {product} {ergonomic}
     bool UseLargePagesIndividualAllocation        = false                                  {pd product} {ergonomic}

Logging:
Log output configuration:
 #0: stdout all=warning uptime,level,tags
 #1: stderr all=off uptime,level,tags

Environment Variables:
JAVA_HOME=D:\Java\Java 17
PATH=C:\Program Files\Common Files\Oracle\Java\javapath;D:\Java\Java 8\bin;D:\Java\Java 17\bin;C:\Python310\Scripts\;C:\Python310\;C:\WINDOWS\system32;C:\WINDOWS;C:\WINDOWS\System32\Wbem;C:\WINDOWS\System32\WindowsPowerShell\v1.0\;C:\WINDOWS\System32\OpenSSH\;D:\Git\Git\cmd;C:\ProgramData\chocolatey\bin;C:\Users\Admin\AppData\Roaming\nvm;C:\Program Files\nodejs;D:\Xampp\php;D:\mongosh-1.10.1-win32-x64\bin;C:\Program Files\MongoDB\Server\6.0\bin;C:\Program Files\dotnet\;D:\SQL Server\160\Tools\Binn\;C:\Program Files\Microsoft SQL Server\160\Tools\Binn\;C:\Program Files\Microsoft SQL Server\Client SDK\ODBC\170\Tools\Binn\;C:\Program Files\Microsoft SQL Server\160\DTS\Binn\;D:\SQL Server\160\DTS\Binn\;F:\AndroidSDK\platform-tools;F:\AndroidSDK\emulator;D:\flutter\bin;;C:\Program Files\Azure Data Studio\bin;C:\Program Files\Microsoft SQL Server\150\Tools\Binn\;C:\Users\Admin\.console-ninja\.bin;C:\Program Files\MySQL\MySQL Shell 8.0\bin\;C:\Users\Admin\AppData\Local\Microsoft\WindowsApps;D:\Microsoft VS Code\bin;C:\Users\Admin\AppData\Roaming\nvm;C:\Program Files\nodejs;D:\IntelliJ IDEA Community Edition 2023.1.2\bin;D:\mongosh-1.10.1-win32-x64\bin;C:\Program Files\MongoDB\Server\6.0\bin;C:\Users\Admin\.dotnet\tools;D:\PyCharm\PyCharm Community Edition 2023.2.1\bin;;C:\Program Files\Azure Data Studio\bin;D:\flutter\bin;;C:\Program Files\Azure Data Studio\bin
USERNAME=Admin
OS=Windows_NT
PROCESSOR_IDENTIFIER=Intel64 Family 6 Model 60 Stepping 3, GenuineIntel
TMP=C:\Users\Admin\AppData\Local\Temp
TEMP=C:\Users\Admin\AppData\Local\Temp



---------------  S Y S T E M  ---------------

OS:
 Windows 10 , 64 bit Build 19041 (10.0.19041.3636)
OS uptime: 4 days 2:40 hours

CPU: total 4 (initial active 4) (2 cores per cpu, 2 threads per core) family 6 model 60 stepping 3 microcode 0x27, cx8, cmov, fxsr, ht, mmx, sse, sse2, sse3, ssse3, sse4.1, sse4.2, popcnt, lzcnt, tsc, tscinvbit, avx, avx2, aes, erms, clmul, bmi1, bmi2, fma, vzeroupper, clflush
Processor Information for all 4 processors :
  Max Mhz: 2601, Current Mhz: 2601, Mhz Limit: 2601

Memory: 4k page, system-wide physical 12169M (540M free)
TotalPageFile size 22595M (AvailPageFile size 177M)
current process WorkingSet (physical memory assigned to process): 10M, peak: 10M
current process commit charge ("private bytes"): 51M, peak: 243M

vm_info: OpenJDK 64-Bit Server VM (17.0.8+7) for windows-amd64 JRE (17.0.8+7), built on Jul 18 2023 21:02:32 by "admin" with MS VC++ 16.7 (VS2019)

END.
